<?xml version="1.0" encoding="UTF-8"?>
<robot generator="Robot 6.0.1 (Python 3.11.0 on win32)" generated="20230216 19:03:45.886" rpa="false" schemaversion="3">
<suite id="s1" name="Flipkart" source="C:\Robot\Flipkart">
<suite id="s1-s1" name="Testcases" source="C:\Robot\Flipkart\Testcases">
<suite id="s1-s1-s1" name="Unauthorisedactions" source="C:\Robot\Flipkart\Testcases\Unauthorisedactions.robot">
<test id="s1-s1-s1-t1" name="Adding item to wishlist" line="22">
<kw name="Begin Web Test" library="Common" type="SETUP">
<kw name="Open Browser" library="SeleniumLibrary">
<arg>about:blank</arg>
<arg>chrome</arg>
<doc>Opens a new browser instance to the optional ``url``.</doc>
<msg timestamp="20230216 19:03:46.868" level="INFO">Opening browser 'chrome' to base url 'about:blank'.</msg>
<status status="PASS" starttime="20230216 19:03:46.867" endtime="20230216 19:03:48.981"/>
</kw>
<kw name="Maximize Browser Window" library="SeleniumLibrary">
<doc>Maximizes current browser window.</doc>
<status status="PASS" starttime="20230216 19:03:48.982" endtime="20230216 19:03:49.115"/>
</kw>
<status status="PASS" starttime="20230216 19:03:46.865" endtime="20230216 19:03:49.115"/>
</kw>
<kw name="Open Application" library="HomepageDef">
<kw name="Open the application" library="App">
<kw name="Go To" library="SeleniumLibrary">
<arg>${FlipkartURL}</arg>
<doc>Navigates the current browser window to the provided ``url``.</doc>
<msg timestamp="20230216 19:03:49.118" level="INFO">Opening url 'https://flipkart.com'</msg>
<status status="PASS" starttime="20230216 19:03:49.118" endtime="20230216 19:03:52.268"/>
</kw>
<kw name="Wait Until Page Contains Element" library="SeleniumLibrary">
<arg>css=div&gt;div&gt;div&gt;button</arg>
<doc>Waits until the element ``locator`` appears on the current page.</doc>
<status status="PASS" starttime="20230216 19:03:52.269" endtime="20230216 19:03:52.289"/>
</kw>
<kw name="Sleep" library="BuiltIn">
<arg>1s</arg>
<doc>Pauses the test executed for the given time.</doc>
<msg timestamp="20230216 19:03:53.291" level="INFO">Slept 1 second</msg>
<status status="PASS" starttime="20230216 19:03:52.289" endtime="20230216 19:03:53.292"/>
</kw>
<kw name="Click Element" library="SeleniumLibrary">
<arg>css=div&gt;div&gt;div&gt;button</arg>
<doc>Click the element identified by ``locator``.</doc>
<msg timestamp="20230216 19:03:53.294" level="INFO">Clicking element 'css=div&gt;div&gt;div&gt;button'.</msg>
<status status="PASS" starttime="20230216 19:03:53.293" endtime="20230216 19:03:53.399"/>
</kw>
<status status="PASS" starttime="20230216 19:03:49.117" endtime="20230216 19:03:53.399"/>
</kw>
<status status="PASS" starttime="20230216 19:03:49.116" endtime="20230216 19:03:53.400"/>
</kw>
<kw name="Search the Product" library="HomepageDef">
<kw name="Search For Product" library="Nav">
<kw name="Input Text" library="SeleniumLibrary">
<arg>css=form.header-form-search&gt;div&gt;div&gt;input</arg>
<arg>${searchProduct}</arg>
<doc>Types the given ``text`` into the text field identified by ``locator``.</doc>
<msg timestamp="20230216 19:03:53.403" level="INFO">Typing text 'Iphone' into text field 'css=form.header-form-search&gt;div&gt;div&gt;input'.</msg>
<status status="PASS" starttime="20230216 19:03:53.402" endtime="20230216 19:03:53.575"/>
</kw>
<kw name="Click Element" library="SeleniumLibrary">
<arg>css=form.header-form-search&gt;div&gt;button</arg>
<doc>Click the element identified by ``locator``.</doc>
<msg timestamp="20230216 19:03:53.576" level="INFO">Clicking element 'css=form.header-form-search&gt;div&gt;button'.</msg>
<status status="PASS" starttime="20230216 19:03:53.575" endtime="20230216 19:03:53.704"/>
</kw>
<status status="PASS" starttime="20230216 19:03:53.402" endtime="20230216 19:03:53.704"/>
</kw>
<status status="PASS" starttime="20230216 19:03:53.401" endtime="20230216 19:03:53.705"/>
</kw>
<kw name="Verify Search results" library="Resultpagedef">
<kw name="verify search results displayed" library="resultpage">
<kw name="Sleep" library="BuiltIn">
<arg>5s</arg>
<doc>Pauses the test executed for the given time.</doc>
<msg timestamp="20230216 19:03:58.708" level="INFO">Slept 5 seconds</msg>
<status status="PASS" starttime="20230216 19:03:53.707" endtime="20230216 19:03:58.709"/>
</kw>
<kw name="Wait Until Page Contains" library="SeleniumLibrary">
<arg>results for "${searchProduct}"</arg>
<doc>Waits until ``text`` appears on the current page.</doc>
<status status="PASS" starttime="20230216 19:03:58.709" endtime="20230216 19:03:58.739"/>
</kw>
<status status="PASS" starttime="20230216 19:03:53.706" endtime="20230216 19:03:58.739"/>
</kw>
<status status="PASS" starttime="20230216 19:03:53.705" endtime="20230216 19:03:58.739"/>
</kw>
<kw name="Adding first product to wishlist" library="Flipkartt">
<kw name="Adding first item to wishlist" library="App">
<kw name="Click Element" library="SeleniumLibrary">
<arg>${add to wishlist}</arg>
<doc>Click the element identified by ``locator``.</doc>
<msg timestamp="20230216 19:03:58.742" level="INFO">Clicking element 'xpath=//*[@id="container"]/div/div[3]/div[1]/div[2]/div[2]/div/div/div/a/div[1]/div[3]/div'.</msg>
<status status="PASS" starttime="20230216 19:03:58.741" endtime="20230216 19:03:58.888"/>
</kw>
<status status="PASS" starttime="20230216 19:03:58.741" endtime="20230216 19:03:58.888"/>
</kw>
<status status="PASS" starttime="20230216 19:03:58.740" endtime="20230216 19:03:58.888"/>
</kw>
<kw name="verify login or signup page appears" library="Resultpagedef">
<kw name="verify the login or signup page appears" library="resultpage">
<kw name="Wait Until Page Contains Element" library="SeleniumLibrary">
<arg>css=div&gt;div&gt;div&gt;button</arg>
<doc>Waits until the element ``locator`` appears on the current page.</doc>
<status status="PASS" starttime="20230216 19:03:58.891" endtime="20230216 19:03:58.904"/>
</kw>
<kw name="Page Should Contain Element" library="SeleniumLibrary">
<arg>css=div&gt;div&gt;div&gt;button</arg>
<doc>Verifies that element ``locator`` is found on the current page.</doc>
<msg timestamp="20230216 19:03:58.918" level="INFO">Current page contains element 'css=div&gt;div&gt;div&gt;button'.</msg>
<status status="PASS" starttime="20230216 19:03:58.904" endtime="20230216 19:03:58.920"/>
</kw>
<status status="PASS" starttime="20230216 19:03:58.890" endtime="20230216 19:03:58.920"/>
</kw>
<status status="PASS" starttime="20230216 19:03:58.889" endtime="20230216 19:03:58.921"/>
</kw>
<kw name="End Web Test" library="Common" type="TEARDOWN">
<kw name="Close All Browsers" library="SeleniumLibrary">
<doc>Closes all open browsers and resets the browser cache.</doc>
<status status="PASS" starttime="20230216 19:03:58.924" endtime="20230216 19:04:05.544"/>
</kw>
<status status="PASS" starttime="20230216 19:03:58.923" endtime="20230216 19:04:05.545"/>
</kw>
<status status="PASS" starttime="20230216 19:03:46.863" endtime="20230216 19:04:05.545"/>
</test>
<status status="PASS" starttime="20230216 19:03:46.022" endtime="20230216 19:04:05.548"/>
</suite>
<status status="PASS" starttime="20230216 19:03:46.012" endtime="20230216 19:04:05.552"/>
</suite>
<status status="PASS" starttime="20230216 19:03:45.899" endtime="20230216 19:04:05.555"/>
</suite>
<statistics>
<total>
<stat pass="1" fail="0" skip="0">All Tests</stat>
</total>
<tag>
</tag>
<suite>
<stat pass="1" fail="0" skip="0" id="s1" name="Flipkart">Flipkart</stat>
<stat pass="1" fail="0" skip="0" id="s1-s1" name="Testcases">Flipkart.Testcases</stat>
<stat pass="1" fail="0" skip="0" id="s1-s1-s1" name="Unauthorisedactions">Flipkart.Testcases.Unauthorisedactions</stat>
</suite>
</statistics>
<errors>
</errors>
</robot>
